<?xml version="1.0" encoding="UTF-8"?>
<coverage generated="1639321638581" clover="3.2.0">
  <project timestamp="1639321638582" name="All files">
    <metrics statements="49" coveredstatements="43" conditionals="8" coveredconditionals="7" methods="37" coveredmethods="29" elements="94" coveredelements="79" complexity="0" loc="49" ncloc="49" packages="1" files="2" classes="2"/>
    <file name="todo.js" path="C:\Users\audry\source\repos\ls_js_prep\js130\todo.js">
      <metrics statements="11" coveredstatements="10" conditionals="2" coveredconditionals="1" methods="6" coveredmethods="5"/>
      <line num="2" count="1" type="stmt"/>
      <line num="3" count="1" type="stmt"/>
      <line num="5" count="46" type="stmt"/>
      <line num="6" count="46" type="stmt"/>
      <line num="10" count="2" type="cond" truecount="1" falsecount="1"/>
      <line num="11" count="2" type="stmt"/>
      <line num="15" count="7" type="stmt"/>
      <line num="19" count="1" type="stmt"/>
      <line num="23" count="16" type="stmt"/>
      <line num="27" count="0" type="stmt"/>
      <line num="31" count="1" type="stmt"/>
    </file>
    <file name="todolist.js" path="C:\Users\audry\source\repos\ls_js_prep\js130\todolist.js">
      <metrics statements="38" coveredstatements="33" conditionals="6" coveredconditionals="6" methods="31" coveredmethods="24"/>
      <line num="1" count="1" type="stmt"/>
      <line num="4" count="18" type="stmt"/>
      <line num="5" count="18" type="stmt"/>
      <line num="9" count="52" type="cond" truecount="2" falsecount="0"/>
      <line num="10" count="1" type="stmt"/>
      <line num="12" count="51" type="stmt"/>
      <line num="15" count="2" type="stmt"/>
      <line num="19" count="1" type="stmt"/>
      <line num="22" count="1" type="stmt"/>
      <line num="25" count="8" type="stmt"/>
      <line num="26" count="5" type="stmt"/>
      <line num="29" count="9" type="cond" truecount="2" falsecount="0"/>
      <line num="30" count="3" type="stmt"/>
      <line num="34" count="2" type="stmt"/>
      <line num="37" count="2" type="stmt"/>
      <line num="40" count="6" type="stmt"/>
      <line num="43" count="1" type="stmt"/>
      <line num="46" count="1" type="stmt"/>
      <line num="49" count="1" type="stmt"/>
      <line num="50" count="1" type="stmt"/>
      <line num="53" count="2" type="stmt"/>
      <line num="54" count="2" type="stmt"/>
      <line num="55" count="2" type="stmt"/>
      <line num="58" count="4" type="stmt"/>
      <line num="61" count="2" type="stmt"/>
      <line num="62" count="2" type="stmt"/>
      <line num="63" count="6" type="cond" truecount="2" falsecount="0"/>
      <line num="65" count="2" type="stmt"/>
      <line num="69" count="0" type="stmt"/>
      <line num="73" count="0" type="stmt"/>
      <line num="74" count="0" type="stmt"/>
      <line num="77" count="3" type="stmt"/>
      <line num="78" count="1" type="stmt"/>
      <line num="81" count="0" type="stmt"/>
      <line num="84" count="3" type="stmt"/>
      <line num="87" count="0" type="stmt"/>
      <line num="90" count="6" type="stmt"/>
      <line num="93" count="1" type="stmt"/>
    </file>
  </project>
</coverage>
