{"C:\\Users\\audry\\source\\repos\\ls_js_prep\\js130\\todo.js": {"path":"C:\\Users\\audry\\source\\repos\\ls_js_prep\\js130\\todo.js","statementMap":{"0":{"start":{"line":2,"column":23},"end":{"line":2,"column":26}},"1":{"start":{"line":3,"column":25},"end":{"line":3,"column":28}},"2":{"start":{"line":5,"column":4},"end":{"line":5,"column":23}},"3":{"start":{"line":6,"column":4},"end":{"line":6,"column":22}},"4":{"start":{"line":10,"column":17},"end":{"line":10,"column":70}},"5":{"start":{"line":11,"column":4},"end":{"line":11,"column":39}},"6":{"start":{"line":15,"column":4},"end":{"line":15,"column":21}},"7":{"start":{"line":19,"column":4},"end":{"line":19,"column":22}},"8":{"start":{"line":23,"column":4},"end":{"line":23,"column":21}},"9":{"start":{"line":27,"column":4},"end":{"line":27,"column":22}},"10":{"start":{"line":31,"column":0},"end":{"line":31,"column":22}}},"fnMap":{"0":{"name":"(anonymous_0)","decl":{"start":{"line":4,"column":2},"end":{"line":4,"column":3}},"loc":{"start":{"line":4,"column":21},"end":{"line":7,"column":3}},"line":4},"1":{"name":"(anonymous_1)","decl":{"start":{"line":9,"column":2},"end":{"line":9,"column":3}},"loc":{"start":{"line":9,"column":13},"end":{"line":12,"column":3}},"line":9},"2":{"name":"(anonymous_2)","decl":{"start":{"line":14,"column":2},"end":{"line":14,"column":3}},"loc":{"start":{"line":14,"column":13},"end":{"line":16,"column":3}},"line":14},"3":{"name":"(anonymous_3)","decl":{"start":{"line":18,"column":2},"end":{"line":18,"column":3}},"loc":{"start":{"line":18,"column":15},"end":{"line":20,"column":3}},"line":18},"4":{"name":"(anonymous_4)","decl":{"start":{"line":22,"column":2},"end":{"line":22,"column":3}},"loc":{"start":{"line":22,"column":11},"end":{"line":24,"column":3}},"line":22},"5":{"name":"(anonymous_5)","decl":{"start":{"line":26,"column":2},"end":{"line":26,"column":3}},"loc":{"start":{"line":26,"column":13},"end":{"line":28,"column":3}},"line":26}},"branchMap":{"0":{"loc":{"start":{"line":10,"column":17},"end":{"line":10,"column":70}},"type":"cond-expr","locations":[{"start":{"line":10,"column":33},"end":{"line":10,"column":49}},{"start":{"line":10,"column":52},"end":{"line":10,"column":70}}],"line":10}},"s":{"0":1,"1":1,"2":46,"3":46,"4":2,"5":2,"6":7,"7":1,"8":16,"9":0,"10":1},"f":{"0":46,"1":2,"2":7,"3":1,"4":16,"5":0},"b":{"0":[2,0]},"_coverageSchema":"1a1c01bbd47fc00a2c39e90264f33305004495a9","hash":"64cd60f1cfecc8991e952f717626398a147eec9b"}
,"C:\\Users\\audry\\source\\repos\\ls_js_prep\\js130\\todolist.js": {"path":"C:\\Users\\audry\\source\\repos\\ls_js_prep\\js130\\todolist.js","statementMap":{"0":{"start":{"line":1,"column":13},"end":{"line":1,"column":33}},"1":{"start":{"line":4,"column":4},"end":{"line":4,"column":23}},"2":{"start":{"line":5,"column":4},"end":{"line":5,"column":20}},"3":{"start":{"line":9,"column":4},"end":{"line":11,"column":5}},"4":{"start":{"line":10,"column":6},"end":{"line":10,"column":55}},"5":{"start":{"line":12,"column":4},"end":{"line":12,"column":26}},"6":{"start":{"line":15,"column":4},"end":{"line":15,"column":29}},"7":{"start":{"line":19,"column":4},"end":{"line":19,"column":25}},"8":{"start":{"line":22,"column":4},"end":{"line":22,"column":39}},"9":{"start":{"line":25,"column":4},"end":{"line":25,"column":31}},"10":{"start":{"line":26,"column":4},"end":{"line":26,"column":29}},"11":{"start":{"line":29,"column":4},"end":{"line":31,"column":5}},"12":{"start":{"line":30,"column":6},"end":{"line":30,"column":58}},"13":{"start":{"line":34,"column":4},"end":{"line":34,"column":35}},"14":{"start":{"line":37,"column":4},"end":{"line":37,"column":36}},"15":{"start":{"line":40,"column":4},"end":{"line":40,"column":51}},"16":{"start":{"line":40,"column":36},"end":{"line":40,"column":49}},"17":{"start":{"line":43,"column":4},"end":{"line":43,"column":30}},"18":{"start":{"line":46,"column":4},"end":{"line":46,"column":28}},"19":{"start":{"line":49,"column":4},"end":{"line":49,"column":31}},"20":{"start":{"line":50,"column":4},"end":{"line":50,"column":39}},"21":{"start":{"line":53,"column":16},"end":{"line":53,"column":41}},"22":{"start":{"line":54,"column":15},"end":{"line":54,"column":65}},"23":{"start":{"line":54,"column":38},"end":{"line":54,"column":53}},"24":{"start":{"line":55,"column":4},"end":{"line":55,"column":31}},"25":{"start":{"line":58,"column":4},"end":{"line":58,"column":35}},"26":{"start":{"line":61,"column":18},"end":{"line":61,"column":42}},"27":{"start":{"line":62,"column":4},"end":{"line":64,"column":7}},"28":{"start":{"line":63,"column":6},"end":{"line":63,"column":46}},"29":{"start":{"line":63,"column":28},"end":{"line":63,"column":46}},"30":{"start":{"line":65,"column":4},"end":{"line":65,"column":19}},"31":{"start":{"line":69,"column":4},"end":{"line":69,"column":61}},"32":{"start":{"line":69,"column":31},"end":{"line":69,"column":51}},"33":{"start":{"line":73,"column":18},"end":{"line":73,"column":54}},"34":{"start":{"line":73,"column":39},"end":{"line":73,"column":53}},"35":{"start":{"line":74,"column":4},"end":{"line":74,"column":19}},"36":{"start":{"line":77,"column":18},"end":{"line":77,"column":55}},"37":{"start":{"line":77,"column":39},"end":{"line":77,"column":54}},"38":{"start":{"line":78,"column":4},"end":{"line":78,"column":19}},"39":{"start":{"line":81,"column":4},"end":{"line":81,"column":39}},"40":{"start":{"line":84,"column":4},"end":{"line":84,"column":55}},"41":{"start":{"line":84,"column":38},"end":{"line":84,"column":53}},"42":{"start":{"line":87,"column":4},"end":{"line":87,"column":54}},"43":{"start":{"line":87,"column":35},"end":{"line":87,"column":52}},"44":{"start":{"line":90,"column":4},"end":{"line":90,"column":30}},"45":{"start":{"line":93,"column":0},"end":{"line":93,"column":26}}},"fnMap":{"0":{"name":"(anonymous_0)","decl":{"start":{"line":3,"column":2},"end":{"line":3,"column":3}},"loc":{"start":{"line":3,"column":21},"end":{"line":6,"column":3}},"line":3},"1":{"name":"(anonymous_1)","decl":{"start":{"line":8,"column":2},"end":{"line":8,"column":3}},"loc":{"start":{"line":8,"column":12},"end":{"line":13,"column":3}},"line":8},"2":{"name":"(anonymous_2)","decl":{"start":{"line":14,"column":2},"end":{"line":14,"column":3}},"loc":{"start":{"line":14,"column":9},"end":{"line":16,"column":3}},"line":14},"3":{"name":"(anonymous_3)","decl":{"start":{"line":18,"column":2},"end":{"line":18,"column":3}},"loc":{"start":{"line":18,"column":10},"end":{"line":20,"column":3}},"line":18},"4":{"name":"(anonymous_4)","decl":{"start":{"line":21,"column":2},"end":{"line":21,"column":3}},"loc":{"start":{"line":21,"column":9},"end":{"line":23,"column":3}},"line":21},"5":{"name":"(anonymous_5)","decl":{"start":{"line":24,"column":2},"end":{"line":24,"column":3}},"loc":{"start":{"line":24,"column":16},"end":{"line":27,"column":3}},"line":24},"6":{"name":"(anonymous_6)","decl":{"start":{"line":28,"column":2},"end":{"line":28,"column":3}},"loc":{"start":{"line":28,"column":24},"end":{"line":32,"column":3}},"line":28},"7":{"name":"(anonymous_7)","decl":{"start":{"line":33,"column":2},"end":{"line":33,"column":3}},"loc":{"start":{"line":33,"column":20},"end":{"line":35,"column":3}},"line":33},"8":{"name":"(anonymous_8)","decl":{"start":{"line":36,"column":2},"end":{"line":36,"column":3}},"loc":{"start":{"line":36,"column":22},"end":{"line":38,"column":3}},"line":36},"9":{"name":"(anonymous_9)","decl":{"start":{"line":39,"column":2},"end":{"line":39,"column":3}},"loc":{"start":{"line":39,"column":11},"end":{"line":41,"column":3}},"line":39},"10":{"name":"(anonymous_10)","decl":{"start":{"line":40,"column":28},"end":{"line":40,"column":29}},"loc":{"start":{"line":40,"column":36},"end":{"line":40,"column":49}},"line":40},"11":{"name":"(anonymous_11)","decl":{"start":{"line":42,"column":2},"end":{"line":42,"column":3}},"loc":{"start":{"line":42,"column":10},"end":{"line":44,"column":3}},"line":42},"12":{"name":"(anonymous_12)","decl":{"start":{"line":45,"column":2},"end":{"line":45,"column":3}},"loc":{"start":{"line":45,"column":8},"end":{"line":47,"column":3}},"line":45},"13":{"name":"(anonymous_13)","decl":{"start":{"line":48,"column":2},"end":{"line":48,"column":3}},"loc":{"start":{"line":48,"column":18},"end":{"line":51,"column":3}},"line":48},"14":{"name":"(anonymous_14)","decl":{"start":{"line":52,"column":2},"end":{"line":52,"column":3}},"loc":{"start":{"line":52,"column":13},"end":{"line":56,"column":3}},"line":52},"15":{"name":"(anonymous_15)","decl":{"start":{"line":54,"column":30},"end":{"line":54,"column":31}},"loc":{"start":{"line":54,"column":38},"end":{"line":54,"column":53}},"line":54},"16":{"name":"(anonymous_16)","decl":{"start":{"line":57,"column":2},"end":{"line":57,"column":3}},"loc":{"start":{"line":57,"column":22},"end":{"line":59,"column":3}},"line":57},"17":{"name":"(anonymous_17)","decl":{"start":{"line":60,"column":2},"end":{"line":60,"column":3}},"loc":{"start":{"line":60,"column":21},"end":{"line":66,"column":3}},"line":60},"18":{"name":"(anonymous_18)","decl":{"start":{"line":62,"column":17},"end":{"line":62,"column":18}},"loc":{"start":{"line":62,"column":25},"end":{"line":64,"column":5}},"line":62},"19":{"name":"(anonymous_19)","decl":{"start":{"line":68,"column":2},"end":{"line":68,"column":3}},"loc":{"start":{"line":68,"column":21},"end":{"line":70,"column":3}},"line":68},"20":{"name":"(anonymous_20)","decl":{"start":{"line":69,"column":23},"end":{"line":69,"column":24}},"loc":{"start":{"line":69,"column":31},"end":{"line":69,"column":51}},"line":69},"21":{"name":"(anonymous_21)","decl":{"start":{"line":72,"column":2},"end":{"line":72,"column":3}},"loc":{"start":{"line":72,"column":12},"end":{"line":75,"column":3}},"line":72},"22":{"name":"(anonymous_22)","decl":{"start":{"line":73,"column":30},"end":{"line":73,"column":31}},"loc":{"start":{"line":73,"column":39},"end":{"line":73,"column":53}},"line":73},"23":{"name":"(anonymous_23)","decl":{"start":{"line":76,"column":2},"end":{"line":76,"column":3}},"loc":{"start":{"line":76,"column":15},"end":{"line":79,"column":3}},"line":76},"24":{"name":"(anonymous_24)","decl":{"start":{"line":77,"column":30},"end":{"line":77,"column":31}},"loc":{"start":{"line":77,"column":39},"end":{"line":77,"column":54}},"line":77},"25":{"name":"(anonymous_25)","decl":{"start":{"line":80,"column":2},"end":{"line":80,"column":3}},"loc":{"start":{"line":80,"column":18},"end":{"line":82,"column":3}},"line":80},"26":{"name":"(anonymous_26)","decl":{"start":{"line":83,"column":2},"end":{"line":83,"column":3}},"loc":{"start":{"line":83,"column":16},"end":{"line":85,"column":3}},"line":83},"27":{"name":"(anonymous_27)","decl":{"start":{"line":84,"column":30},"end":{"line":84,"column":31}},"loc":{"start":{"line":84,"column":38},"end":{"line":84,"column":53}},"line":84},"28":{"name":"(anonymous_28)","decl":{"start":{"line":86,"column":2},"end":{"line":86,"column":3}},"loc":{"start":{"line":86,"column":18},"end":{"line":88,"column":3}},"line":86},"29":{"name":"(anonymous_29)","decl":{"start":{"line":87,"column":27},"end":{"line":87,"column":28}},"loc":{"start":{"line":87,"column":35},"end":{"line":87,"column":52}},"line":87},"30":{"name":"(anonymous_30)","decl":{"start":{"line":89,"column":2},"end":{"line":89,"column":3}},"loc":{"start":{"line":89,"column":12},"end":{"line":91,"column":3}},"line":89}},"branchMap":{"0":{"loc":{"start":{"line":9,"column":4},"end":{"line":11,"column":5}},"type":"if","locations":[{"start":{"line":9,"column":4},"end":{"line":11,"column":5}},{"start":{},"end":{}}],"line":9},"1":{"loc":{"start":{"line":29,"column":4},"end":{"line":31,"column":5}},"type":"if","locations":[{"start":{"line":29,"column":4},"end":{"line":31,"column":5}},{"start":{},"end":{}}],"line":29},"2":{"loc":{"start":{"line":63,"column":6},"end":{"line":63,"column":46}},"type":"if","locations":[{"start":{"line":63,"column":6},"end":{"line":63,"column":46}},{"start":{},"end":{}}],"line":63}},"s":{"0":1,"1":18,"2":18,"3":52,"4":1,"5":51,"6":2,"7":1,"8":1,"9":8,"10":5,"11":9,"12":3,"13":2,"14":2,"15":2,"16":6,"17":1,"18":1,"19":1,"20":1,"21":2,"22":2,"23":2,"24":2,"25":4,"26":2,"27":2,"28":6,"29":4,"30":2,"31":0,"32":0,"33":0,"34":0,"35":0,"36":1,"37":3,"38":1,"39":0,"40":1,"41":3,"42":0,"43":0,"44":6,"45":1},"f":{"0":18,"1":52,"2":2,"3":1,"4":1,"5":8,"6":9,"7":2,"8":2,"9":2,"10":6,"11":1,"12":1,"13":1,"14":2,"15":2,"16":4,"17":2,"18":6,"19":0,"20":0,"21":0,"22":0,"23":1,"24":3,"25":0,"26":1,"27":3,"28":0,"29":0,"30":6},"b":{"0":[1,51],"1":[3,6],"2":[4,2]},"_coverageSchema":"1a1c01bbd47fc00a2c39e90264f33305004495a9","hash":"d0a3325d251a91e1615ebb192941211c72532668"}
}
