TN:
SF:todo.js
FN:4,(anonymous_0)
FN:9,(anonymous_1)
FN:14,(anonymous_2)
FN:18,(anonymous_3)
FN:22,(anonymous_4)
FN:26,(anonymous_5)
FNF:6
FNH:5
FNDA:46,(anonymous_0)
FNDA:2,(anonymous_1)
FNDA:7,(anonymous_2)
FNDA:1,(anonymous_3)
FNDA:16,(anonymous_4)
FNDA:0,(anonymous_5)
DA:2,1
DA:3,1
DA:5,46
DA:6,46
DA:10,2
DA:11,2
DA:15,7
DA:19,1
DA:23,16
DA:27,0
DA:31,1
LF:11
LH:10
BRDA:10,0,0,2
BRDA:10,0,1,0
BRF:2
BRH:1
end_of_record
TN:
SF:todolist.js
FN:3,(anonymous_0)
FN:8,(anonymous_1)
FN:14,(anonymous_2)
FN:18,(anonymous_3)
FN:21,(anonymous_4)
FN:24,(anonymous_5)
FN:28,(anonymous_6)
FN:33,(anonymous_7)
FN:36,(anonymous_8)
FN:39,(anonymous_9)
FN:40,(anonymous_10)
FN:42,(anonymous_11)
FN:45,(anonymous_12)
FN:48,(anonymous_13)
FN:52,(anonymous_14)
FN:54,(anonymous_15)
FN:57,(anonymous_16)
FN:60,(anonymous_17)
FN:62,(anonymous_18)
FN:68,(anonymous_19)
FN:69,(anonymous_20)
FN:72,(anonymous_21)
FN:73,(anonymous_22)
FN:76,(anonymous_23)
FN:77,(anonymous_24)
FN:80,(anonymous_25)
FN:83,(anonymous_26)
FN:84,(anonymous_27)
FN:86,(anonymous_28)
FN:87,(anonymous_29)
FN:89,(anonymous_30)
FNF:31
FNH:24
FNDA:18,(anonymous_0)
FNDA:52,(anonymous_1)
FNDA:2,(anonymous_2)
FNDA:1,(anonymous_3)
FNDA:1,(anonymous_4)
FNDA:8,(anonymous_5)
FNDA:9,(anonymous_6)
FNDA:2,(anonymous_7)
FNDA:2,(anonymous_8)
FNDA:2,(anonymous_9)
FNDA:6,(anonymous_10)
FNDA:1,(anonymous_11)
FNDA:1,(anonymous_12)
FNDA:1,(anonymous_13)
FNDA:2,(anonymous_14)
FNDA:2,(anonymous_15)
FNDA:4,(anonymous_16)
FNDA:2,(anonymous_17)
FNDA:6,(anonymous_18)
FNDA:0,(anonymous_19)
FNDA:0,(anonymous_20)
FNDA:0,(anonymous_21)
FNDA:0,(anonymous_22)
FNDA:1,(anonymous_23)
FNDA:3,(anonymous_24)
FNDA:0,(anonymous_25)
FNDA:1,(anonymous_26)
FNDA:3,(anonymous_27)
FNDA:0,(anonymous_28)
FNDA:0,(anonymous_29)
FNDA:6,(anonymous_30)
DA:1,1
DA:4,18
DA:5,18
DA:9,52
DA:10,1
DA:12,51
DA:15,2
DA:19,1
DA:22,1
DA:25,8
DA:26,5
DA:29,9
DA:30,3
DA:34,2
DA:37,2
DA:40,6
DA:43,1
DA:46,1
DA:49,1
DA:50,1
DA:53,2
DA:54,2
DA:55,2
DA:58,4
DA:61,2
DA:62,2
DA:63,6
DA:65,2
DA:69,0
DA:73,0
DA:74,0
DA:77,3
DA:78,1
DA:81,0
DA:84,3
DA:87,0
DA:90,6
DA:93,1
LF:38
LH:33
BRDA:9,0,0,1
BRDA:9,0,1,51
BRDA:29,1,0,3
BRDA:29,1,1,6
BRDA:63,2,0,4
BRDA:63,2,1,2
BRF:6
BRH:6
end_of_record
